<?xml version="1.0" encoding="UTF-8"?>
<!-- Generated by org.testng.reporters.JUnitXMLReporter -->
<testsuite ignored="0" hostname="225-Animesh-EIMS" failures="1" tests="1" name="Test" time="16.211" errors="0" timestamp="2024-09-08T00:27:52 IST">
  <testcase classname="testScripts.loginScript" name="login" time="15.975">
    <failure type="java.lang.AssertionError" message="expected [OrangeHRM] but found [OrangeHrm]">
      <![CDATA[java.lang.AssertionError: expected [OrangeHRM] but found [OrangeHrm]
at testScripts.loginScript.login(loginScript.java:22)
at java.base/java.util.ArrayList.forEach(ArrayList.java:1597)
... Removed 31 stack frames]]>
    </failure>
  </testcase> <!-- login -->
</testsuite> <!-- Test -->
