<?xml version="1.0" encoding="UTF-8"?>
<testng-results ignored="0" total="1" passed="1" failed="0" skipped="0">
  <reporter-output>
  </reporter-output>
  <suite started-at="2024-09-10T17:19:15 IST" name="Default suite" finished-at="2024-09-10T17:19:27 IST" duration-ms="12506">
    <groups>
    </groups>
    <test started-at="2024-09-10T17:19:15 IST" name="Default test" finished-at="2024-09-10T17:19:27 IST" duration-ms="12506">
      <class name="testScripts.loginScript">
        <test-method signature="login()[pri:0, instance:testScripts.loginScript@76505305]" started-at="2024-09-10T17:19:15 IST" name="login" finished-at="2024-09-10T17:19:27 IST" duration-ms="12187" status="PASS">
          <reporter-output>
          </reporter-output>
        </test-method> <!-- login -->
        <test-method is-config="true" signature="close()[pri:0, instance:testScripts.loginScript@76505305]" started-at="2024-09-10T17:19:27 IST" name="close" finished-at="2024-09-10T17:19:27 IST" duration-ms="271" status="PASS">
          <reporter-output>
          </reporter-output>
        </test-method> <!-- close -->
      </class> <!-- testScripts.loginScript -->
    </test> <!-- Default test -->
  </suite> <!-- Default suite -->
</testng-results>
